@!@!@STARTMSG 2262:0 @!@!@
TLC2 Version 2.13 of 18 July 2018
@!@!@ENDMSG 2262 @!@!@
@!@!@STARTMSG 2187:0 @!@!@
Running breadth-first search Model-Checking with seed 3569259169032914853 with 4 workers on 8 cores with 1214MB heap and 2730MB offheap memory (Mac OS X 10.14.1 x86_64, Oracle Corporation 1.8.0_191 x86_64).
@!@!@ENDMSG 2187 @!@!@
@!@!@STARTMSG 2220:0 @!@!@
Starting SANY...
@!@!@ENDMSG 2220 @!@!@
Parsing file /Users/junlongg/little_writer/tla+/monitors/monitorWithSem.toolbox/SemMonitorFairness/MC.tla
Parsing file /Users/junlongg/little_writer/tla+/monitors/monitorWithSem.toolbox/SemMonitorFairness/monitorWithSem.tla
Parsing file /Applications/TLA+ Toolbox.app/Contents/Eclipse/plugins/org.lamport.tlatools_1.0.0.201807180447/tla2sany/StandardModules/TLC.tla
Parsing file /Applications/TLA+ Toolbox.app/Contents/Eclipse/plugins/org.lamport.tlatools_1.0.0.201807180447/tla2sany/StandardModules/Integers.tla
Parsing file /Applications/TLA+ Toolbox.app/Contents/Eclipse/plugins/org.lamport.tlatools_1.0.0.201807180447/tla2sany/StandardModules/Naturals.tla
Parsing file /Users/junlongg/little_writer/tla+/monitors/monitorWithSem.toolbox/SemMonitorFairness/monitor.tla
Parsing file /Applications/TLA+ Toolbox.app/Contents/Eclipse/plugins/org.lamport.tlatools_1.0.0.201807180447/tla2sany/StandardModules/Sequences.tla
Parsing file /Applications/TLA+ Toolbox.app/Contents/Eclipse/plugins/org.lamport.tlatools_1.0.0.201807180447/tla2sany/StandardModules/FiniteSets.tla
Semantic processing of module Naturals
Semantic processing of module Integers
Semantic processing of module monitor
Semantic processing of module monitorWithSem
Semantic processing of module Sequences
Semantic processing of module FiniteSets
Semantic processing of module TLC
Semantic processing of module MC
@!@!@STARTMSG 2219:0 @!@!@
SANY finished.
@!@!@ENDMSG 2219 @!@!@
@!@!@STARTMSG 2185:0 @!@!@
Starting... (2018-10-29 02:22:11)
@!@!@ENDMSG 2185 @!@!@
@!@!@STARTMSG 2212:0 @!@!@
Implied-temporal checking--satisfiability problem has 2 branches.
@!@!@ENDMSG 2212 @!@!@
@!@!@STARTMSG 2189:0 @!@!@
Computing initial states...
@!@!@ENDMSG 2189 @!@!@
@!@!@STARTMSG 2190:0 @!@!@
Finished computing initial states: 1 distinct state generated.
@!@!@ENDMSG 2190 @!@!@
@!@!@STARTMSG 2200:0 @!@!@
Progress(10) at 2018-10-29 02:22:12: 68 states generated, 35 distinct states found, 0 states left on queue.
@!@!@ENDMSG 2200 @!@!@
@!@!@STARTMSG 2192:0 @!@!@
Checking 2 branches of temporal properties for the complete state space with 70 total distinct states at (2018-10-29 02:22:12)
@!@!@ENDMSG 2192 @!@!@
@!@!@STARTMSG 2116:1 @!@!@
Temporal properties were violated.

@!@!@ENDMSG 2116 @!@!@
@!@!@STARTMSG 2264:1 @!@!@
The following behavior constitutes a counter-example:

@!@!@ENDMSG 2264 @!@!@
@!@!@STARTMSG 2217:4 @!@!@
1: <Initial predicate>
/\ CV = [waiters |-> {}, signaled |-> {}]
/\ Sem = [waiters |-> {}, counter |-> 0]
/\ Mutex = [holder |-> {}, waiters |-> {}]

@!@!@ENDMSG 2217 @!@!@
@!@!@STARTMSG 2217:4 @!@!@
2: <Lock line 117, col 5 to line 121, col 81 of module monitorWithSem>
/\ CV = [waiters |-> {}, signaled |-> {}]
/\ Sem = [waiters |-> {}, counter |-> 0]
/\ Mutex = [holder |-> {}, waiters |-> {"t1"}]

@!@!@ENDMSG 2217 @!@!@
@!@!@STARTMSG 2217:4 @!@!@
3: <LockResolve line 124, col 4 to line 131, col 27 of module monitorWithSem>
/\ CV = [waiters |-> {}, signaled |-> {}]
/\ Sem = [waiters |-> {}, counter |-> 0]
/\ Mutex = [holder |-> {"t1"}, waiters |-> {}]

@!@!@ENDMSG 2217 @!@!@
@!@!@STARTMSG 2217:4 @!@!@
4: <WaitA line 144, col 5 to line 149, col 23 of module monitorWithSem>
/\ CV = [waiters |-> {"t1"}, signaled |-> {}]
/\ Sem = [waiters |-> {}, counter |-> 0]
/\ Mutex = [holder |-> {}, waiters |-> {}]

@!@!@ENDMSG 2217 @!@!@
@!@!@STARTMSG 2217:4 @!@!@
5: <Lock line 117, col 5 to line 121, col 81 of module monitorWithSem>
/\ CV = [waiters |-> {"t1"}, signaled |-> {}]
/\ Sem = [waiters |-> {}, counter |-> 0]
/\ Mutex = [holder |-> {}, waiters |-> {"t2"}]

@!@!@ENDMSG 2217 @!@!@
@!@!@STARTMSG 2217:4 @!@!@
6: <LockResolve line 124, col 4 to line 131, col 27 of module monitorWithSem>
/\ CV = [waiters |-> {"t1"}, signaled |-> {}]
/\ Sem = [waiters |-> {}, counter |-> 0]
/\ Mutex = [holder |-> {"t2"}, waiters |-> {}]

@!@!@ENDMSG 2217 @!@!@
@!@!@STARTMSG 2217:4 @!@!@
7: <Signal line 169, col 8 to line 181, col 8 of module monitorWithSem>
/\ CV = [waiters |-> {"t1"}, signaled |-> {"t1"}]
/\ Sem = [waiters |-> {}, counter |-> 0]
/\ Mutex = [holder |-> {"t2"}, waiters |-> {}]

@!@!@ENDMSG 2217 @!@!@
@!@!@STARTMSG 2217:4 @!@!@
8: <SignalResolve line 192, col 10 to line 205, col 7 of module monitorWithSem>
/\ CV = [waiters |-> {"t1"}, signaled |-> {}]
/\ Sem = [waiters |-> {}, counter |-> 1]
/\ Mutex = [holder |-> {"t2"}, waiters |-> {}]

@!@!@ENDMSG 2217 @!@!@
@!@!@STARTMSG 2217:4 @!@!@
9: <WaitA line 144, col 5 to line 149, col 23 of module monitorWithSem>
/\ CV = [waiters |-> {"t1", "t2"}, signaled |-> {}]
/\ Sem = [waiters |-> {}, counter |-> 1]
/\ Mutex = [holder |-> {}, waiters |-> {}]

@!@!@ENDMSG 2217 @!@!@
@!@!@STARTMSG 2217:4 @!@!@
10: <WaitB line 152, col 5 to line 165, col 8 of module monitorWithSem>
/\ CV = [waiters |-> {"t1"}, signaled |-> {}]
/\ Sem = [waiters |-> {}, counter |-> 0]
/\ Mutex = [holder |-> {}, waiters |-> {"t2"}]

@!@!@ENDMSG 2217 @!@!@
@!@!@STARTMSG 2217:4 @!@!@
11: <LockResolve line 124, col 4 to line 131, col 27 of module monitorWithSem>
/\ CV = [waiters |-> {"t1"}, signaled |-> {}]
/\ Sem = [waiters |-> {}, counter |-> 0]
/\ Mutex = [holder |-> {"t2"}, waiters |-> {}]

@!@!@ENDMSG 2217 @!@!@
@!@!@STARTMSG 2217:4 @!@!@
12: <WaitB line 152, col 5 to line 165, col 8 of module monitorWithSem>
/\ CV = [waiters |-> {"t1"}, signaled |-> {}]
/\ Sem = [waiters |-> {"t1"}, counter |-> 0]
/\ Mutex = [holder |-> {"t2"}, waiters |-> {}]

@!@!@ENDMSG 2217 @!@!@
@!@!@STARTMSG 2217:4 @!@!@
13: <WaitA line 144, col 5 to line 149, col 23 of module monitorWithSem>
/\ CV = [waiters |-> {"t1", "t2"}, signaled |-> {}]
/\ Sem = [waiters |-> {"t1"}, counter |-> 0]
/\ Mutex = [holder |-> {}, waiters |-> {}]

@!@!@ENDMSG 2217 @!@!@
@!@!@STARTMSG 2217:4 @!@!@
14: <WaitB line 152, col 5 to line 165, col 8 of module monitorWithSem>
/\ CV = [waiters |-> {"t1", "t2"}, signaled |-> {}]
/\ Sem = [waiters |-> {"t1", "t2"}, counter |-> 0]
/\ Mutex = [holder |-> {}, waiters |-> {}]

@!@!@ENDMSG 2217 @!@!@
@!@!@STARTMSG 2218:4 @!@!@
15: Stuttering
@!@!@ENDMSG 2218 @!@!@
@!@!@STARTMSG 2267:0 @!@!@
Finished checking temporal properties in 00s at 2018-10-29 02:22:12
@!@!@ENDMSG 2267 @!@!@
@!@!@STARTMSG 2201:0 @!@!@
The coverage statistics at 2018-10-29 02:22:12
@!@!@ENDMSG 2201 @!@!@
@!@!@STARTMSG 2221:0 @!@!@
  line 120, col 19 to line 120, col 20 of module monitorWithSem: 10
@!@!@ENDMSG 2221 @!@!@
@!@!@STARTMSG 2221:0 @!@!@
  line 120, col 23 to line 120, col 25 of module monitorWithSem: 10
@!@!@ENDMSG 2221 @!@!@
@!@!@STARTMSG 2221:0 @!@!@
  line 121, col 8 to line 121, col 81 of module monitorWithSem: 10
@!@!@ENDMSG 2221 @!@!@
@!@!@STARTMSG 2221:0 @!@!@
  line 129, col 11 to line 130, col 57 of module monitorWithSem: 7
@!@!@ENDMSG 2221 @!@!@
@!@!@STARTMSG 2221:0 @!@!@
  line 131, col 19 to line 131, col 20 of module monitorWithSem: 7
@!@!@ENDMSG 2221 @!@!@
@!@!@STARTMSG 2221:0 @!@!@
  line 131, col 23 to line 131, col 25 of module monitorWithSem: 7
@!@!@ENDMSG 2221 @!@!@
@!@!@STARTMSG 2221:0 @!@!@
  line 147, col 8 to line 147, col 76 of module monitorWithSem: 10
@!@!@ENDMSG 2221 @!@!@
@!@!@STARTMSG 2221:0 @!@!@
  line 148, col 8 to line 148, col 59 of module monitorWithSem: 10
@!@!@ENDMSG 2221 @!@!@
@!@!@STARTMSG 2221:0 @!@!@
  line 149, col 19 to line 149, col 21 of module monitorWithSem: 10
@!@!@ENDMSG 2221 @!@!@
@!@!@STARTMSG 2221:0 @!@!@
  line 156, col 11 to line 157, col 44 of module monitorWithSem: 4
@!@!@ENDMSG 2221 @!@!@
@!@!@STARTMSG 2221:0 @!@!@
  line 158, col 14 to line 158, col 83 of module monitorWithSem: 4
@!@!@ENDMSG 2221 @!@!@
@!@!@STARTMSG 2221:0 @!@!@
  line 159, col 14 to line 159, col 77 of module monitorWithSem: 4
@!@!@ENDMSG 2221 @!@!@
@!@!@STARTMSG 2221:0 @!@!@
  line 162, col 11 to line 163, col 54 of module monitorWithSem: 10
@!@!@ENDMSG 2221 @!@!@
@!@!@STARTMSG 2221:0 @!@!@
  line 164, col 25 to line 164, col 29 of module monitorWithSem: 10
@!@!@ENDMSG 2221 @!@!@
@!@!@STARTMSG 2221:0 @!@!@
  line 164, col 32 to line 164, col 33 of module monitorWithSem: 10
@!@!@ENDMSG 2221 @!@!@
@!@!@STARTMSG 2221:0 @!@!@
  line 174, col 20 to line 174, col 21 of module monitorWithSem: 4
@!@!@ENDMSG 2221 @!@!@
@!@!@STARTMSG 2221:0 @!@!@
  line 174, col 24 to line 174, col 28 of module monitorWithSem: 4
@!@!@ENDMSG 2221 @!@!@
@!@!@STARTMSG 2221:0 @!@!@
  line 174, col 31 to line 174, col 33 of module monitorWithSem: 4
@!@!@ENDMSG 2221 @!@!@
@!@!@STARTMSG 2221:0 @!@!@
  line 178, col 15 to line 179, col 63 of module monitorWithSem: 6
@!@!@ENDMSG 2221 @!@!@
@!@!@STARTMSG 2221:0 @!@!@
  line 180, col 29 to line 180, col 33 of module monitorWithSem: 6
@!@!@ENDMSG 2221 @!@!@
@!@!@STARTMSG 2221:0 @!@!@
  line 180, col 36 to line 180, col 38 of module monitorWithSem: 6
@!@!@ENDMSG 2221 @!@!@
@!@!@STARTMSG 2221:0 @!@!@
  line 187, col 8 to line 188, col 58 of module monitorWithSem: 10
@!@!@ENDMSG 2221 @!@!@
@!@!@STARTMSG 2221:0 @!@!@
  line 189, col 20 to line 189, col 24 of module monitorWithSem: 10
@!@!@ENDMSG 2221 @!@!@
@!@!@STARTMSG 2221:0 @!@!@
  line 189, col 27 to line 189, col 29 of module monitorWithSem: 10
@!@!@ENDMSG 2221 @!@!@
@!@!@STARTMSG 2221:0 @!@!@
  line 199, col 10 to line 200, col 67 of module monitorWithSem: 6
@!@!@ENDMSG 2221 @!@!@
@!@!@STARTMSG 2221:0 @!@!@
  line 201, col 10 to line 202, col 34 of module monitorWithSem: 6
@!@!@ENDMSG 2221 @!@!@
@!@!@STARTMSG 2221:0 @!@!@
  line 203, col 10 to line 204, col 57 of module monitorWithSem: 6
@!@!@ENDMSG 2221 @!@!@
@!@!@STARTMSG 2202:0 @!@!@
End of statistics.
@!@!@ENDMSG 2202 @!@!@
@!@!@STARTMSG 2200:0 @!@!@
Progress(10) at 2018-10-29 02:22:12: 68 states generated (4,744 s/min), 35 distinct states found (2,441 ds/min), 0 states left on queue.
@!@!@ENDMSG 2200 @!@!@
@!@!@STARTMSG 2199:0 @!@!@
68 states generated, 35 distinct states found, 0 states left on queue.
@!@!@ENDMSG 2199 @!@!@
@!@!@STARTMSG 2186:0 @!@!@
Finished in 1239ms at (2018-10-29 02:22:12)
@!@!@ENDMSG 2186 @!@!@
