@!@!@STARTMSG 2262:0 @!@!@
TLC2 Version 2.13 of 18 July 2018
@!@!@ENDMSG 2262 @!@!@
@!@!@STARTMSG 2187:0 @!@!@
Running breadth-first search Model-Checking with seed 444579485108716441 with 4 workers on 8 cores with 1214MB heap and 2730MB offheap memory (Mac OS X 10.14.1 x86_64, Oracle Corporation 1.8.0_191 x86_64).
@!@!@ENDMSG 2187 @!@!@
@!@!@STARTMSG 2220:0 @!@!@
Starting SANY...
@!@!@ENDMSG 2220 @!@!@
Parsing file /Users/junlongg/little_writer/tla+/monitors/monitorWithSem.toolbox/SemMonitorFairness/MC.tla
Parsing file /Users/junlongg/little_writer/tla+/monitors/monitorWithSem.toolbox/SemMonitorFairness/monitorWithSem.tla
Parsing file /Applications/TLA+ Toolbox.app/Contents/Eclipse/plugins/org.lamport.tlatools_1.0.0.201807180447/tla2sany/StandardModules/TLC.tla
Parsing file /Applications/TLA+ Toolbox.app/Contents/Eclipse/plugins/org.lamport.tlatools_1.0.0.201807180447/tla2sany/StandardModules/Integers.tla
Parsing file /Applications/TLA+ Toolbox.app/Contents/Eclipse/plugins/org.lamport.tlatools_1.0.0.201807180447/tla2sany/StandardModules/Naturals.tla
Parsing file /Users/junlongg/little_writer/tla+/monitors/monitorWithSem.toolbox/SemMonitorFairness/monitor.tla
Parsing file /Applications/TLA+ Toolbox.app/Contents/Eclipse/plugins/org.lamport.tlatools_1.0.0.201807180447/tla2sany/StandardModules/Sequences.tla
Parsing file /Applications/TLA+ Toolbox.app/Contents/Eclipse/plugins/org.lamport.tlatools_1.0.0.201807180447/tla2sany/StandardModules/FiniteSets.tla
Semantic processing of module Naturals
Semantic processing of module Integers
Semantic processing of module monitor
Semantic processing of module monitorWithSem
Semantic processing of module Sequences
Semantic processing of module FiniteSets
Semantic processing of module TLC
Semantic processing of module MC
@!@!@STARTMSG 2219:0 @!@!@
SANY finished.
@!@!@ENDMSG 2219 @!@!@
@!@!@STARTMSG 2185:0 @!@!@
Starting... (2018-10-30 19:17:39)
@!@!@ENDMSG 2185 @!@!@
@!@!@STARTMSG 2212:0 @!@!@
Implied-temporal checking--satisfiability problem has 2 branches.
@!@!@ENDMSG 2212 @!@!@
@!@!@STARTMSG 2189:0 @!@!@
Computing initial states...
@!@!@ENDMSG 2189 @!@!@
@!@!@STARTMSG 2190:0 @!@!@
Finished computing initial states: 1 distinct state generated.
@!@!@ENDMSG 2190 @!@!@
@!@!@STARTMSG 2200:0 @!@!@
Progress(10) at 2018-10-30 19:17:40: 70 states generated, 34 distinct states found, 0 states left on queue.
@!@!@ENDMSG 2200 @!@!@
@!@!@STARTMSG 2192:0 @!@!@
Checking 2 branches of temporal properties for the complete state space with 68 total distinct states at (2018-10-30 19:17:40)
@!@!@ENDMSG 2192 @!@!@
@!@!@STARTMSG 2116:1 @!@!@
Temporal properties were violated.

@!@!@ENDMSG 2116 @!@!@
@!@!@STARTMSG 2264:1 @!@!@
The following behavior constitutes a counter-example:

@!@!@ENDMSG 2264 @!@!@
@!@!@STARTMSG 2217:4 @!@!@
1: <Initial predicate>
/\ WaiterCount = 0
/\ SignalCount = 0
/\ CV = [waiters |-> {}, signaled |-> {}]
/\ Sem = [counter |-> 0, waiters |-> {}]
/\ Mutex = [holder |-> {}, waiters |-> {}]

@!@!@ENDMSG 2217 @!@!@
@!@!@STARTMSG 2217:4 @!@!@
2: <Lock line 126, col 8 to line 129, col 81 of module monitorWithSem>
/\ WaiterCount = 0
/\ SignalCount = 0
/\ CV = [waiters |-> {}, signaled |-> {}]
/\ Sem = [counter |-> 0, waiters |-> {}]
/\ Mutex = [holder |-> {}, waiters |-> {"t2"}]

@!@!@ENDMSG 2217 @!@!@
@!@!@STARTMSG 2217:4 @!@!@
3: <LockResolve line 132, col 7 to line 137, col 53 of module monitorWithSem>
/\ WaiterCount = 0
/\ SignalCount = 0
/\ CV = [waiters |-> {}, signaled |-> {}]
/\ Sem = [counter |-> 0, waiters |-> {}]
/\ Mutex = [holder |-> {"t2"}, waiters |-> {}]

@!@!@ENDMSG 2217 @!@!@
@!@!@STARTMSG 2217:4 @!@!@
4: <Lock line 126, col 8 to line 129, col 81 of module monitorWithSem>
/\ WaiterCount = 0
/\ SignalCount = 0
/\ CV = [waiters |-> {}, signaled |-> {}]
/\ Sem = [counter |-> 0, waiters |-> {}]
/\ Mutex = [holder |-> {"t2"}, waiters |-> {"t1"}]

@!@!@ENDMSG 2217 @!@!@
@!@!@STARTMSG 2217:4 @!@!@
5: <WaitA line 149, col 8 to line 156, col 37 of module monitorWithSem>
/\ WaiterCount = 1
/\ SignalCount = 0
/\ CV = [waiters |-> {"t2"}, signaled |-> {}]
/\ Sem = [counter |-> 0, waiters |-> {}]
/\ Mutex = [holder |-> {}, waiters |-> {"t1"}]

@!@!@ENDMSG 2217 @!@!@
@!@!@STARTMSG 2217:4 @!@!@
6: <LockResolve line 132, col 7 to line 137, col 53 of module monitorWithSem>
/\ WaiterCount = 1
/\ SignalCount = 0
/\ CV = [waiters |-> {"t2"}, signaled |-> {}]
/\ Sem = [counter |-> 0, waiters |-> {}]
/\ Mutex = [holder |-> {"t1"}, waiters |-> {}]

@!@!@ENDMSG 2217 @!@!@
@!@!@STARTMSG 2217:4 @!@!@
7: <Signal line 226, col 8 to line 234, col 44 of module monitorWithSem>
/\ WaiterCount = 1
/\ SignalCount = 1
/\ CV = [waiters |-> {"t2"}, signaled |-> {"t2"}]
/\ Sem = [counter |-> 1, waiters |-> {}]
/\ Mutex = [holder |-> {"t1"}, waiters |-> {}]

@!@!@ENDMSG 2217 @!@!@
@!@!@STARTMSG 2217:4 @!@!@
8: <WaitA line 149, col 8 to line 156, col 37 of module monitorWithSem>
/\ WaiterCount = 2
/\ SignalCount = 1
/\ CV = [waiters |-> {"t1", "t2"}, signaled |-> {"t2"}]
/\ Sem = [counter |-> 1, waiters |-> {}]
/\ Mutex = [holder |-> {}, waiters |-> {}]

@!@!@ENDMSG 2217 @!@!@
@!@!@STARTMSG 2217:4 @!@!@
9: <WaitB_fast line 171, col 8 to line 182, col 56 of module monitorWithSem>
/\ WaiterCount = 1
/\ SignalCount = 0
/\ CV = [waiters |-> {"t2"}, signaled |-> {}]
/\ Sem = [counter |-> 0, waiters |-> {}]
/\ Mutex = [holder |-> {}, waiters |-> {"t1"}]

@!@!@ENDMSG 2217 @!@!@
@!@!@STARTMSG 2217:4 @!@!@
10: <LockResolve line 132, col 7 to line 137, col 53 of module monitorWithSem>
/\ WaiterCount = 1
/\ SignalCount = 0
/\ CV = [waiters |-> {"t2"}, signaled |-> {}]
/\ Sem = [counter |-> 0, waiters |-> {}]
/\ Mutex = [holder |-> {"t1"}, waiters |-> {}]

@!@!@ENDMSG 2217 @!@!@
@!@!@STARTMSG 2217:4 @!@!@
11: <WaitA line 149, col 8 to line 156, col 37 of module monitorWithSem>
/\ WaiterCount = 2
/\ SignalCount = 0
/\ CV = [waiters |-> {"t1", "t2"}, signaled |-> {}]
/\ Sem = [counter |-> 0, waiters |-> {}]
/\ Mutex = [holder |-> {}, waiters |-> {}]

@!@!@ENDMSG 2217 @!@!@
@!@!@STARTMSG 2217:4 @!@!@
12: <WaitB_sleep line 188, col 8 to line 193, col 55 of module monitorWithSem>
/\ WaiterCount = 2
/\ SignalCount = 0
/\ CV = [waiters |-> {"t1", "t2"}, signaled |-> {}]
/\ Sem = [counter |-> 0, waiters |-> {"t1"}]
/\ Mutex = [holder |-> {}, waiters |-> {}]

@!@!@ENDMSG 2217 @!@!@
@!@!@STARTMSG 2217:4 @!@!@
13: <WaitB_sleep line 188, col 8 to line 193, col 55 of module monitorWithSem>
/\ WaiterCount = 2
/\ SignalCount = 0
/\ CV = [waiters |-> {"t1", "t2"}, signaled |-> {}]
/\ Sem = [counter |-> 0, waiters |-> {"t1", "t2"}]
/\ Mutex = [holder |-> {}, waiters |-> {}]

@!@!@ENDMSG 2217 @!@!@
@!@!@STARTMSG 2218:4 @!@!@
14: Stuttering
@!@!@ENDMSG 2218 @!@!@
@!@!@STARTMSG 2267:0 @!@!@
Finished checking temporal properties in 00s at 2018-10-30 19:17:40
@!@!@ENDMSG 2267 @!@!@
@!@!@STARTMSG 2201:0 @!@!@
The coverage statistics at 2018-10-30 19:17:40
@!@!@ENDMSG 2201 @!@!@
@!@!@STARTMSG 2221:0 @!@!@
  line 128, col 19 to line 128, col 20 of module monitorWithSem: 10
@!@!@ENDMSG 2221 @!@!@
@!@!@STARTMSG 2221:0 @!@!@
  line 128, col 23 to line 128, col 25 of module monitorWithSem: 10
@!@!@ENDMSG 2221 @!@!@
@!@!@STARTMSG 2221:0 @!@!@
  line 128, col 28 to line 128, col 38 of module monitorWithSem: 10
@!@!@ENDMSG 2221 @!@!@
@!@!@STARTMSG 2221:0 @!@!@
  line 128, col 41 to line 128, col 51 of module monitorWithSem: 10
@!@!@ENDMSG 2221 @!@!@
@!@!@STARTMSG 2221:0 @!@!@
  line 129, col 8 to line 129, col 81 of module monitorWithSem: 10
@!@!@ENDMSG 2221 @!@!@
@!@!@STARTMSG 2221:0 @!@!@
  line 135, col 11 to line 136, col 57 of module monitorWithSem: 7
@!@!@ENDMSG 2221 @!@!@
@!@!@STARTMSG 2221:0 @!@!@
  line 137, col 19 to line 137, col 20 of module monitorWithSem: 7
@!@!@ENDMSG 2221 @!@!@
@!@!@STARTMSG 2221:0 @!@!@
  line 137, col 23 to line 137, col 25 of module monitorWithSem: 7
@!@!@ENDMSG 2221 @!@!@
@!@!@STARTMSG 2221:0 @!@!@
  line 137, col 28 to line 137, col 38 of module monitorWithSem: 7
@!@!@ENDMSG 2221 @!@!@
@!@!@STARTMSG 2221:0 @!@!@
  line 137, col 41 to line 137, col 51 of module monitorWithSem: 7
@!@!@ENDMSG 2221 @!@!@
@!@!@STARTMSG 2221:0 @!@!@
  line 151, col 8 to line 152, col 41 of module monitorWithSem: 12
@!@!@ENDMSG 2221 @!@!@
@!@!@STARTMSG 2221:0 @!@!@
  line 153, col 8 to line 154, col 44 of module monitorWithSem: 12
@!@!@ENDMSG 2221 @!@!@
@!@!@STARTMSG 2221:0 @!@!@
  line 155, col 19 to line 155, col 21 of module monitorWithSem: 12
@!@!@ENDMSG 2221 @!@!@
@!@!@STARTMSG 2221:0 @!@!@
  line 155, col 24 to line 155, col 34 of module monitorWithSem: 12
@!@!@ENDMSG 2221 @!@!@
@!@!@STARTMSG 2221:0 @!@!@
  line 156, col 8 to line 156, col 37 of module monitorWithSem: 12
@!@!@ENDMSG 2221 @!@!@
@!@!@STARTMSG 2221:0 @!@!@
  line 174, col 8 to line 175, col 41 of module monitorWithSem: 6
@!@!@ENDMSG 2221 @!@!@
@!@!@STARTMSG 2221:0 @!@!@
  line 177, col 8 to line 178, col 52 of module monitorWithSem: 6
@!@!@ENDMSG 2221 @!@!@
@!@!@STARTMSG 2221:0 @!@!@
  line 179, col 8 to line 179, col 37 of module monitorWithSem: 6
@!@!@ENDMSG 2221 @!@!@
@!@!@STARTMSG 2221:0 @!@!@
  line 180, col 8 to line 180, col 37 of module monitorWithSem: 6
@!@!@ENDMSG 2221 @!@!@
@!@!@STARTMSG 2221:0 @!@!@
  line 181, col 8 to line 182, col 56 of module monitorWithSem: 6
@!@!@ENDMSG 2221 @!@!@
@!@!@STARTMSG 2221:0 @!@!@
  line 191, col 8 to line 192, col 52 of module monitorWithSem: 12
@!@!@ENDMSG 2221 @!@!@
@!@!@STARTMSG 2221:0 @!@!@
  line 193, col 19 to line 193, col 20 of module monitorWithSem: 12
@!@!@ENDMSG 2221 @!@!@
@!@!@STARTMSG 2221:0 @!@!@
  line 193, col 23 to line 193, col 27 of module monitorWithSem: 12
@!@!@ENDMSG 2221 @!@!@
@!@!@STARTMSG 2221:0 @!@!@
  line 193, col 30 to line 193, col 40 of module monitorWithSem: 12
@!@!@ENDMSG 2221 @!@!@
@!@!@STARTMSG 2221:0 @!@!@
  line 193, col 43 to line 193, col 53 of module monitorWithSem: 12
@!@!@ENDMSG 2221 @!@!@
@!@!@STARTMSG 2221:0 @!@!@
  line 202, col 19 to line 202, col 21 of module monitorWithSem: 6
@!@!@ENDMSG 2221 @!@!@
@!@!@STARTMSG 2221:0 @!@!@
  line 203, col 8 to line 204, col 47 of module monitorWithSem: 6
@!@!@ENDMSG 2221 @!@!@
@!@!@STARTMSG 2221:0 @!@!@
  line 205, col 8 to line 205, col 37 of module monitorWithSem: 6
@!@!@ENDMSG 2221 @!@!@
@!@!@STARTMSG 2221:0 @!@!@
  line 206, col 8 to line 206, col 37 of module monitorWithSem: 6
@!@!@ENDMSG 2221 @!@!@
@!@!@STARTMSG 2221:0 @!@!@
  line 207, col 8 to line 208, col 56 of module monitorWithSem: 6
@!@!@ENDMSG 2221 @!@!@
@!@!@STARTMSG 2221:0 @!@!@
  line 230, col 11 to line 231, col 59 of module monitorWithSem: 4
@!@!@ENDMSG 2221 @!@!@
@!@!@STARTMSG 2221:0 @!@!@
  line 232, col 14 to line 232, col 43 of module monitorWithSem: 4
@!@!@ENDMSG 2221 @!@!@
@!@!@STARTMSG 2221:0 @!@!@
  line 233, col 14 to line 233, col 40 of module monitorWithSem: 4
@!@!@ENDMSG 2221 @!@!@
@!@!@STARTMSG 2221:0 @!@!@
  line 234, col 25 to line 234, col 29 of module monitorWithSem: 4
@!@!@ENDMSG 2221 @!@!@
@!@!@STARTMSG 2221:0 @!@!@
  line 234, col 32 to line 234, col 42 of module monitorWithSem: 4
@!@!@ENDMSG 2221 @!@!@
@!@!@STARTMSG 2221:0 @!@!@
  line 240, col 8 to line 241, col 74 of module monitorWithSem: 12
@!@!@ENDMSG 2221 @!@!@
@!@!@STARTMSG 2221:0 @!@!@
  line 242, col 8 to line 242, col 50 of module monitorWithSem: 12
@!@!@ENDMSG 2221 @!@!@
@!@!@STARTMSG 2221:0 @!@!@
  line 243, col 20 to line 243, col 24 of module monitorWithSem: 12
@!@!@ENDMSG 2221 @!@!@
@!@!@STARTMSG 2221:0 @!@!@
  line 243, col 27 to line 243, col 37 of module monitorWithSem: 12
@!@!@ENDMSG 2221 @!@!@
@!@!@STARTMSG 2221:0 @!@!@
  line 244, col 8 to line 244, col 41 of module monitorWithSem: 12
@!@!@ENDMSG 2221 @!@!@
@!@!@STARTMSG 2202:0 @!@!@
End of statistics.
@!@!@ENDMSG 2202 @!@!@
@!@!@STARTMSG 2200:0 @!@!@
Progress(10) at 2018-10-30 19:17:40: 70 states generated (5,533 s/min), 34 distinct states found (2,687 ds/min), 0 states left on queue.
@!@!@ENDMSG 2200 @!@!@
@!@!@STARTMSG 2199:0 @!@!@
70 states generated, 34 distinct states found, 0 states left on queue.
@!@!@ENDMSG 2199 @!@!@
@!@!@STARTMSG 2186:0 @!@!@
Finished in 1126ms at (2018-10-30 19:17:40)
@!@!@ENDMSG 2186 @!@!@
